0 info it worked if it ends with ok
1 verbose cli [ '/usr/local/bin/node', '/usr/local/bin/npm', 'run', 'bot' ]
2 info using npm@3.10.3
3 info using node@v6.6.0
4 verbose run-script [ 'prebot', 'bot', 'postbot' ]
5 info lifecycle campus-security@1.0.0~prebot: campus-security@1.0.0
6 silly lifecycle campus-security@1.0.0~prebot: no script for prebot, continuing
7 info lifecycle campus-security@1.0.0~bot: campus-security@1.0.0
8 verbose lifecycle campus-security@1.0.0~bot: unsafe-perm in lifecycle true
9 verbose lifecycle campus-security@1.0.0~bot: PATH: /usr/local/lib/node_modules/npm/bin/node-gyp-bin:/home/kenneth/webdev/personal/ironwolf/node_modules/.bin:/usr/local/bin:/usr/lib/hardening-wrapper/bin:/usr/local/sbin:/usr/local/bin:/usr/bin:/usr/bin/site_perl:/usr/bin/vendor_perl:/usr/bin/core_perl
10 verbose lifecycle campus-security@1.0.0~bot: CWD: /home/kenneth/webdev/personal/ironwolf
11 silly lifecycle campus-security@1.0.0~bot: Args: [ '-c', 'node ./lib/index.js' ]
12 silly lifecycle campus-security@1.0.0~bot: Returned: code: 1  signal: null
13 info lifecycle campus-security@1.0.0~bot: Failed to exec bot script
14 verbose stack Error: campus-security@1.0.0 bot: `node ./lib/index.js`
14 verbose stack Exit status 1
14 verbose stack     at EventEmitter.<anonymous> (/usr/local/lib/node_modules/npm/lib/utils/lifecycle.js:242:16)
14 verbose stack     at emitTwo (events.js:106:13)
14 verbose stack     at EventEmitter.emit (events.js:191:7)
14 verbose stack     at ChildProcess.<anonymous> (/usr/local/lib/node_modules/npm/lib/utils/spawn.js:40:14)
14 verbose stack     at emitTwo (events.js:106:13)
14 verbose stack     at ChildProcess.emit (events.js:191:7)
14 verbose stack     at maybeClose (internal/child_process.js:877:16)
14 verbose stack     at Process.ChildProcess._handle.onexit (internal/child_process.js:226:5)
15 verbose pkgid campus-security@1.0.0
16 verbose cwd /home/kenneth/webdev/personal/ironwolf
17 error Linux 4.9.6-1-ARCH
18 error argv "/usr/local/bin/node" "/usr/local/bin/npm" "run" "bot"
19 error node v6.6.0
20 error npm  v3.10.3
21 error code ELIFECYCLE
22 error campus-security@1.0.0 bot: `node ./lib/index.js`
22 error Exit status 1
23 error Failed at the campus-security@1.0.0 bot script 'node ./lib/index.js'.
23 error Make sure you have the latest version of node.js and npm installed.
23 error If you do, this is most likely a problem with the campus-security package,
23 error not with npm itself.
23 error Tell the author that this fails on your system:
23 error     node ./lib/index.js
23 error You can get information on how to open an issue for this project with:
23 error     npm bugs campus-security
23 error Or if that isn't available, you can get their info via:
23 error     npm owner ls campus-security
23 error There is likely additional logging output above.
24 verbose exit [ 1, true ]
